Arguments: 
  C:\Program Files\nodejs\node.exe C:\Program Files\nodejs\node_modules\yarn\bin\yarn.js add yorkie -D

PATH: 
  C:\Windows\system32;C:\Windows;C:\Windows\System32\Wbem;C:\Windows\System32\WindowsPowerShell\v1.0\;C:\Windows\System32\OpenSSH\;C:\Program Files (x86)\NVIDIA Corporation\PhysX\Common;C:\Program Files\NVIDIA Corporation\NVIDIA NvDLISR;C:\Program Files\Git\cmd;%NVM_HOME%;%NVM_SYMLINK%;C:\Users\Administrator\AppData\Local\Microsoft\WindowsApps;d:\Users\Administrator\AppData\Local\Programs\Microsoft VS Code\bin;C:\Users\Administrator\AppData\Roaming\nvm;C:\Program Files\nodejs

Yarn version: 
  1.22.11

Node version: 
  12.22.2

Platform: 
  win32 x64

Trace: 
  Error: ENOENT: no such file or directory, copyfile 'C:\Users\Administrator\AppData\Local\Yarn\Cache\v6\npm-p-locate-4.1.0-a3428bb7088b3a60292f66919278b7c297ad4f07-integrity\node_modules\p-locate\index.d.ts' -> 'E:\private_project\code-front\node_modules\@istanbuljs\load-nyc-config\node_modules\p-locate\index.d.ts'

npm manifest: 
  {
    "name": "code-front",
    "version": "0.0.0",
    "scripts": {
      "dev": "vite",
      "build": "vite build",
      "lint": "eslint \"src/**/*.{js,vue}\"",
      "test": "jest --runInBand"
    },
    "dependencies": {
      "autoprefixer": "^10.3.6",
      "postcss": "^8.3.8",
      "vue": "^3.0.4"
    },
    "devDependencies": {
      "vite": "^1.0.0-rc.13",
      "@vue/compiler-sfc": "^3.0.4",
      "@vue/eslint-config-prettier": "^6.0.0",
      "babel-eslint": "^10.1.0",
      "eslint": "^6.7.2",
      "eslint-plugin-prettier": "^3.1.3",
      "eslint-plugin-vue": "^7.0.0-0",
      "prettier": "^1.19.1",
      "jest": "^24.0.0",
      "vue-jest": "^5.0.0-alpha.3",
      "babel-jest": "^26.1.0",
      "@babel/preset-env": "^7.10.4",
      "@vue/test-utils": "^2.0.0-beta.9"
    }
  }

yarn manifest: 
  No manifest

Lockfile: 
  No lockfile
